[1.930s] Invoking command in '/home/meloncaully/ros2_ws/src/satellite_controller': PYTHONPATH=/home/meloncaully/ros2_ws/build/satellite_controller/prefix_override:/usr/lib/python3/dist-packages/colcon_core/task/python/colcon_distutils_commands:/home/meloncaully/ros2_ws/install/satellite_controller/lib/python3.8/site-packages:${PYTHONPATH} /usr/bin/python3 -W ignore:setup.py install is deprecated setup.py egg_info --egg-base ../../build/satellite_controller build --build-base /home/meloncaully/ros2_ws/build/satellite_controller/build install --record /home/meloncaully/ros2_ws/build/satellite_controller/install.log --install-scripts $base/lib/satellite_controller --single-version-externally-managed install_data
[2.370s] running egg_info
[2.372s] creating ../../build/satellite_controller/satellite_controller.egg-info
[2.372s] writing ../../build/satellite_controller/satellite_controller.egg-info/PKG-INFO
[2.373s] writing dependency_links to ../../build/satellite_controller/satellite_controller.egg-info/dependency_links.txt
[2.373s] writing entry points to ../../build/satellite_controller/satellite_controller.egg-info/entry_points.txt
[2.374s] writing requirements to ../../build/satellite_controller/satellite_controller.egg-info/requires.txt
[2.374s] writing top-level names to ../../build/satellite_controller/satellite_controller.egg-info/top_level.txt
[2.419s] writing manifest file '../../build/satellite_controller/satellite_controller.egg-info/SOURCES.txt'
[2.516s] reading manifest file '../../build/satellite_controller/satellite_controller.egg-info/SOURCES.txt'
[2.517s] writing manifest file '../../build/satellite_controller/satellite_controller.egg-info/SOURCES.txt'
[2.518s] running build
[2.518s] running build_py
[2.518s] creating /home/meloncaully/ros2_ws/build/satellite_controller/build
[2.519s] creating /home/meloncaully/ros2_ws/build/satellite_controller/build/lib
[2.519s] creating /home/meloncaully/ros2_ws/build/satellite_controller/build/lib/satellite_controller
[2.519s] copying satellite_controller/__init__.py -> /home/meloncaully/ros2_ws/build/satellite_controller/build/lib/satellite_controller
[2.519s] running install
[2.521s] running install_lib
[2.523s] creating /home/meloncaully/ros2_ws/install/satellite_controller/lib/python3.8/site-packages/satellite_controller
[2.524s] copying /home/meloncaully/ros2_ws/build/satellite_controller/build/lib/satellite_controller/__init__.py -> /home/meloncaully/ros2_ws/install/satellite_controller/lib/python3.8/site-packages/satellite_controller
[2.525s] byte-compiling /home/meloncaully/ros2_ws/install/satellite_controller/lib/python3.8/site-packages/satellite_controller/__init__.py to __init__.cpython-38.pyc
[2.527s] running install_data
[2.528s] creating /home/meloncaully/ros2_ws/install/satellite_controller/share/ament_index
[2.528s] creating /home/meloncaully/ros2_ws/install/satellite_controller/share/ament_index/resource_index
[2.528s] creating /home/meloncaully/ros2_ws/install/satellite_controller/share/ament_index/resource_index/packages
[2.528s] copying resource/satellite_controller -> /home/meloncaully/ros2_ws/install/satellite_controller/share/ament_index/resource_index/packages
[2.528s] copying package.xml -> /home/meloncaully/ros2_ws/install/satellite_controller/share/satellite_controller
[2.528s] running install_egg_info
[2.532s] Copying ../../build/satellite_controller/satellite_controller.egg-info to /home/meloncaully/ros2_ws/install/satellite_controller/lib/python3.8/site-packages/satellite_controller-0.0.0-py3.8.egg-info
[2.534s] running install_scripts
[2.570s] writing list of installed files to '/home/meloncaully/ros2_ws/build/satellite_controller/install.log'
[2.620s] Invoked command in '/home/meloncaully/ros2_ws/src/satellite_controller' returned '0': PYTHONPATH=/home/meloncaully/ros2_ws/build/satellite_controller/prefix_override:/usr/lib/python3/dist-packages/colcon_core/task/python/colcon_distutils_commands:/home/meloncaully/ros2_ws/install/satellite_controller/lib/python3.8/site-packages:${PYTHONPATH} /usr/bin/python3 -W ignore:setup.py install is deprecated setup.py egg_info --egg-base ../../build/satellite_controller build --build-base /home/meloncaully/ros2_ws/build/satellite_controller/build install --record /home/meloncaully/ros2_ws/build/satellite_controller/install.log --install-scripts $base/lib/satellite_controller --single-version-externally-managed install_data
