[0.544s] DEBUG:colcon:Command line arguments: ['/usr/bin/colcon', 'build']
[0.545s] DEBUG:colcon:Parsed command line arguments: Namespace(allow_overriding=[], ament_cmake_args=None, base_paths=['.'], build_base='build', catkin_cmake_args=None, catkin_skip_building_tests=False, cmake_args=None, cmake_clean_cache=False, cmake_clean_first=False, cmake_force_configure=False, cmake_target=None, cmake_target_skip_unavailable=False, continue_on_error=False, event_handlers=None, executor='parallel', ignore_user_meta=False, install_base='install', log_base=None, log_level=None, main=<bound method BuildVerb.main of <colcon_core.verb.build.BuildVerb object at 0x7fb2a45e34f0>>, merge_install=False, metas=['./colcon.meta'], mixin=None, mixin_files=None, mixin_verb=('build',), packages_above=None, packages_above_and_dependencies=None, packages_above_depth=None, packages_end=None, packages_ignore=None, packages_ignore_regex=None, packages_select=None, packages_select_build_failed=False, packages_select_by_dep=None, packages_select_regex=None, packages_select_test_failures=False, packages_skip=None, packages_skip_build_finished=False, packages_skip_by_dep=None, packages_skip_regex=None, packages_skip_test_passed=False, packages_skip_up_to=None, packages_start=None, packages_up_to=None, packages_up_to_regex=None, parallel_workers=2, paths=None, symlink_install=False, test_result_base=None, verb_extension=<colcon_core.verb.build.BuildVerb object at 0x7fb2a45e34f0>, verb_name='build', verb_parser=<colcon_mixin.mixin.mixin_argument.MixinArgumentDecorator object at 0x7fb2a455b790>)
[0.846s] Level 1:colcon.colcon_core.package_discovery:discover_packages(colcon_meta) check parameters
[0.847s] Level 1:colcon.colcon_core.package_discovery:discover_packages(recursive) check parameters
[0.847s] Level 1:colcon.colcon_core.package_discovery:discover_packages(ignore) check parameters
[0.847s] Level 1:colcon.colcon_core.package_discovery:discover_packages(path) check parameters
[0.847s] Level 1:colcon.colcon_core.package_discovery:discover_packages(colcon_meta) discover
[0.847s] Level 1:colcon.colcon_core.package_discovery:discover_packages(recursive) discover
[0.847s] INFO:colcon.colcon_core.package_discovery:Crawling recursively for packages in '/home/meloncaully/ros2_ws'
[0.847s] Level 1:colcon.colcon_core.package_identification:_identify(.) by extensions ['ignore', 'ignore_ament_install']
[0.847s] Level 1:colcon.colcon_core.package_identification:_identify(.) by extension 'ignore'
[0.848s] Level 1:colcon.colcon_core.package_identification:_identify(.) by extension 'ignore_ament_install'
[0.848s] Level 1:colcon.colcon_core.package_identification:_identify(.) by extensions ['colcon_pkg']
[0.848s] Level 1:colcon.colcon_core.package_identification:_identify(.) by extension 'colcon_pkg'
[0.848s] Level 1:colcon.colcon_core.package_identification:_identify(.) by extensions ['colcon_meta']
[0.848s] Level 1:colcon.colcon_core.package_identification:_identify(.) by extension 'colcon_meta'
[0.848s] Level 1:colcon.colcon_core.package_identification:_identify(.) by extensions ['ros']
[0.848s] Level 1:colcon.colcon_core.package_identification:_identify(.) by extension 'ros'
[0.873s] Level 1:colcon.colcon_core.package_identification:_identify(.) by extensions ['cmake', 'python']
[0.873s] Level 1:colcon.colcon_core.package_identification:_identify(.) by extension 'cmake'
[0.873s] Level 1:colcon.colcon_core.package_identification:_identify(.) by extension 'python'
[0.873s] Level 1:colcon.colcon_core.package_identification:_identify(.) by extensions ['python_setup_py']
[0.874s] Level 1:colcon.colcon_core.package_identification:_identify(.) by extension 'python_setup_py'
[0.874s] Level 1:colcon.colcon_core.package_identification:_identify(build) by extensions ['ignore', 'ignore_ament_install']
[0.874s] Level 1:colcon.colcon_core.package_identification:_identify(build) by extension 'ignore'
[0.874s] Level 1:colcon.colcon_core.package_identification:_identify(build) ignored
[0.874s] Level 1:colcon.colcon_core.package_identification:_identify(install) by extensions ['ignore', 'ignore_ament_install']
[0.875s] Level 1:colcon.colcon_core.package_identification:_identify(install) by extension 'ignore'
[0.875s] Level 1:colcon.colcon_core.package_identification:_identify(install) ignored
[0.875s] Level 1:colcon.colcon_core.package_identification:_identify(log) by extensions ['ignore', 'ignore_ament_install']
[0.875s] Level 1:colcon.colcon_core.package_identification:_identify(log) by extension 'ignore'
[0.875s] Level 1:colcon.colcon_core.package_identification:_identify(log) ignored
[0.875s] Level 1:colcon.colcon_core.package_identification:_identify(src) by extensions ['ignore', 'ignore_ament_install']
[0.875s] Level 1:colcon.colcon_core.package_identification:_identify(src) by extension 'ignore'
[0.875s] Level 1:colcon.colcon_core.package_identification:_identify(src) by extension 'ignore_ament_install'
[0.876s] Level 1:colcon.colcon_core.package_identification:_identify(src) by extensions ['colcon_pkg']
[0.876s] Level 1:colcon.colcon_core.package_identification:_identify(src) by extension 'colcon_pkg'
[0.876s] Level 1:colcon.colcon_core.package_identification:_identify(src) by extensions ['colcon_meta']
[0.876s] Level 1:colcon.colcon_core.package_identification:_identify(src) by extension 'colcon_meta'
[0.876s] Level 1:colcon.colcon_core.package_identification:_identify(src) by extensions ['ros']
[0.876s] Level 1:colcon.colcon_core.package_identification:_identify(src) by extension 'ros'
[0.876s] Level 1:colcon.colcon_core.package_identification:_identify(src) by extensions ['cmake', 'python']
[0.876s] Level 1:colcon.colcon_core.package_identification:_identify(src) by extension 'cmake'
[0.876s] Level 1:colcon.colcon_core.package_identification:_identify(src) by extension 'python'
[0.876s] Level 1:colcon.colcon_core.package_identification:_identify(src) by extensions ['python_setup_py']
[0.876s] Level 1:colcon.colcon_core.package_identification:_identify(src) by extension 'python_setup_py'
[0.877s] Level 1:colcon.colcon_core.package_identification:_identify(src/satellite_controller) by extensions ['ignore', 'ignore_ament_install']
[0.877s] Level 1:colcon.colcon_core.package_identification:_identify(src/satellite_controller) by extension 'ignore'
[0.877s] Level 1:colcon.colcon_core.package_identification:_identify(src/satellite_controller) by extension 'ignore_ament_install'
[0.877s] Level 1:colcon.colcon_core.package_identification:_identify(src/satellite_controller) by extensions ['colcon_pkg']
[0.877s] Level 1:colcon.colcon_core.package_identification:_identify(src/satellite_controller) by extension 'colcon_pkg'
[0.877s] Level 1:colcon.colcon_core.package_identification:_identify(src/satellite_controller) by extensions ['colcon_meta']
[0.877s] Level 1:colcon.colcon_core.package_identification:_identify(src/satellite_controller) by extension 'colcon_meta'
[0.877s] Level 1:colcon.colcon_core.package_identification:_identify(src/satellite_controller) by extensions ['ros']
[0.877s] Level 1:colcon.colcon_core.package_identification:_identify(src/satellite_controller) by extension 'ros'
[0.884s] DEBUG:colcon.colcon_core.package_identification:Package 'src/satellite_controller' with type 'ros.ament_python' and name 'satellite_controller'
[0.884s] Level 1:colcon.colcon_core.package_discovery:discover_packages(recursive) using defaults
[0.884s] Level 1:colcon.colcon_core.package_discovery:discover_packages(ignore) discover
[0.885s] Level 1:colcon.colcon_core.package_discovery:discover_packages(ignore) using defaults
[0.885s] Level 1:colcon.colcon_core.package_discovery:discover_packages(path) discover
[0.885s] Level 1:colcon.colcon_core.package_discovery:discover_packages(path) using defaults
[0.919s] Level 1:colcon.colcon_core.package_discovery:discover_packages(prefix_path) check parameters
[0.919s] Level 1:colcon.colcon_core.package_discovery:discover_packages(prefix_path) discover
[0.922s] DEBUG:colcon.colcon_installed_package_information.package_discovery:Found 0 installed packages in /home/meloncaully/ros2_ws/install
[0.925s] DEBUG:colcon.colcon_installed_package_information.package_discovery:Found 265 installed packages in /opt/ros/foxy
[0.929s] Level 1:colcon.colcon_core.package_discovery:discover_packages(prefix_path) using defaults
[1.075s] Level 5:colcon.colcon_core.verb:set package 'satellite_controller' build argument 'cmake_args' from command line to 'None'
[1.075s] Level 5:colcon.colcon_core.verb:set package 'satellite_controller' build argument 'cmake_target' from command line to 'None'
[1.076s] Level 5:colcon.colcon_core.verb:set package 'satellite_controller' build argument 'cmake_target_skip_unavailable' from command line to 'False'
[1.076s] Level 5:colcon.colcon_core.verb:set package 'satellite_controller' build argument 'cmake_clean_cache' from command line to 'False'
[1.076s] Level 5:colcon.colcon_core.verb:set package 'satellite_controller' build argument 'cmake_clean_first' from command line to 'False'
[1.076s] Level 5:colcon.colcon_core.verb:set package 'satellite_controller' build argument 'cmake_force_configure' from command line to 'False'
[1.076s] Level 5:colcon.colcon_core.verb:set package 'satellite_controller' build argument 'ament_cmake_args' from command line to 'None'
[1.076s] Level 5:colcon.colcon_core.verb:set package 'satellite_controller' build argument 'catkin_cmake_args' from command line to 'None'
[1.076s] Level 5:colcon.colcon_core.verb:set package 'satellite_controller' build argument 'catkin_skip_building_tests' from command line to 'False'
[1.076s] DEBUG:colcon.colcon_core.verb:Building package 'satellite_controller' with the following arguments: {'ament_cmake_args': None, 'build_base': '/home/meloncaully/ros2_ws/build/satellite_controller', 'catkin_cmake_args': None, 'catkin_skip_building_tests': False, 'cmake_args': None, 'cmake_clean_cache': False, 'cmake_clean_first': False, 'cmake_force_configure': False, 'cmake_target': None, 'cmake_target_skip_unavailable': False, 'install_base': '/home/meloncaully/ros2_ws/install/satellite_controller', 'merge_install': False, 'path': '/home/meloncaully/ros2_ws/src/satellite_controller', 'symlink_install': False, 'test_result_base': None}
[1.076s] INFO:colcon.colcon_core.executor:Executing jobs using 'parallel' executor
[1.079s] DEBUG:colcon.colcon_parallel_executor.executor.parallel:run_until_complete
[1.079s] INFO:colcon.colcon_ros.task.ament_python.build:Building ROS package in '/home/meloncaully/ros2_ws/src/satellite_controller' with build type 'ament_python'
[1.080s] Level 1:colcon.colcon_core.shell:create_environment_hook('satellite_controller', 'ament_prefix_path')
[1.088s] INFO:colcon.colcon_core.plugin_system:Skipping extension 'colcon_core.shell.bat': Not used on non-Windows systems
[1.089s] INFO:colcon.colcon_core.shell:Creating environment hook '/home/meloncaully/ros2_ws/install/satellite_controller/share/satellite_controller/hook/ament_prefix_path.ps1'
[1.109s] INFO:colcon.colcon_core.shell:Creating environment descriptor '/home/meloncaully/ros2_ws/install/satellite_controller/share/satellite_controller/hook/ament_prefix_path.dsv'
[1.110s] INFO:colcon.colcon_core.shell:Creating environment hook '/home/meloncaully/ros2_ws/install/satellite_controller/share/satellite_controller/hook/ament_prefix_path.sh'
[1.112s] INFO:colcon.colcon_core.shell:Skip shell extension 'powershell' for command environment: Not usable outside of PowerShell
[1.112s] DEBUG:colcon.colcon_core.shell:Skip shell extension 'dsv' for command environment
[1.617s] INFO:colcon.colcon_core.task.python.build:Building Python package in '/home/meloncaully/ros2_ws/src/satellite_controller'
[1.619s] INFO:colcon.colcon_core.shell:Skip shell extension 'powershell' for command environment: Not usable outside of PowerShell
[1.619s] DEBUG:colcon.colcon_core.shell:Skip shell extension 'dsv' for command environment
[3.011s] DEBUG:colcon.colcon_core.event_handler.log_command:Invoking command in '/home/meloncaully/ros2_ws/src/satellite_controller': PYTHONPATH=/home/meloncaully/ros2_ws/build/satellite_controller/prefix_override:/usr/lib/python3/dist-packages/colcon_core/task/python/colcon_distutils_commands:/home/meloncaully/ros2_ws/install/satellite_controller/lib/python3.8/site-packages:${PYTHONPATH} /usr/bin/python3 -W ignore:setup.py install is deprecated setup.py egg_info --egg-base ../../build/satellite_controller build --build-base /home/meloncaully/ros2_ws/build/satellite_controller/build install --record /home/meloncaully/ros2_ws/build/satellite_controller/install.log --install-scripts $base/lib/satellite_controller --single-version-externally-managed install_data
[3.701s] DEBUG:colcon.colcon_core.event_handler.log_command:Invoked command in '/home/meloncaully/ros2_ws/src/satellite_controller' returned '0': PYTHONPATH=/home/meloncaully/ros2_ws/build/satellite_controller/prefix_override:/usr/lib/python3/dist-packages/colcon_core/task/python/colcon_distutils_commands:/home/meloncaully/ros2_ws/install/satellite_controller/lib/python3.8/site-packages:${PYTHONPATH} /usr/bin/python3 -W ignore:setup.py install is deprecated setup.py egg_info --egg-base ../../build/satellite_controller build --build-base /home/meloncaully/ros2_ws/build/satellite_controller/build install --record /home/meloncaully/ros2_ws/build/satellite_controller/install.log --install-scripts $base/lib/satellite_controller --single-version-externally-managed install_data
[3.716s] Level 1:colcon.colcon_core.environment:checking '/home/meloncaully/ros2_ws/install/satellite_controller' for CMake module files
[3.717s] Level 1:colcon.colcon_core.environment:checking '/home/meloncaully/ros2_ws/install/satellite_controller' for CMake config files
[3.719s] Level 1:colcon.colcon_core.environment:checking '/home/meloncaully/ros2_ws/install/satellite_controller/lib'
[3.719s] Level 1:colcon.colcon_core.environment:checking '/home/meloncaully/ros2_ws/install/satellite_controller/bin'
[3.719s] Level 1:colcon.colcon_core.environment:checking '/home/meloncaully/ros2_ws/install/satellite_controller/lib/pkgconfig/satellite_controller.pc'
[3.720s] Level 1:colcon.colcon_core.environment:checking '/home/meloncaully/ros2_ws/install/satellite_controller/lib/python3.8/site-packages'
[3.720s] Level 1:colcon.colcon_core.shell:create_environment_hook('satellite_controller', 'pythonpath')
[3.721s] INFO:colcon.colcon_core.shell:Creating environment hook '/home/meloncaully/ros2_ws/install/satellite_controller/share/satellite_controller/hook/pythonpath.ps1'
[3.722s] INFO:colcon.colcon_core.shell:Creating environment descriptor '/home/meloncaully/ros2_ws/install/satellite_controller/share/satellite_controller/hook/pythonpath.dsv'
[3.723s] INFO:colcon.colcon_core.shell:Creating environment hook '/home/meloncaully/ros2_ws/install/satellite_controller/share/satellite_controller/hook/pythonpath.sh'
[3.724s] Level 1:colcon.colcon_core.environment:checking '/home/meloncaully/ros2_ws/install/satellite_controller/bin'
[3.724s] Level 1:colcon.colcon_core.environment:create_environment_scripts_only(satellite_controller)
[3.726s] INFO:colcon.colcon_core.shell:Creating package script '/home/meloncaully/ros2_ws/install/satellite_controller/share/satellite_controller/package.ps1'
[3.728s] INFO:colcon.colcon_core.shell:Creating package descriptor '/home/meloncaully/ros2_ws/install/satellite_controller/share/satellite_controller/package.dsv'
[3.730s] INFO:colcon.colcon_core.shell:Creating package script '/home/meloncaully/ros2_ws/install/satellite_controller/share/satellite_controller/package.sh'
[3.732s] INFO:colcon.colcon_core.shell:Creating package script '/home/meloncaully/ros2_ws/install/satellite_controller/share/satellite_controller/package.bash'
[3.734s] INFO:colcon.colcon_core.shell:Creating package script '/home/meloncaully/ros2_ws/install/satellite_controller/share/satellite_controller/package.zsh'
[3.737s] Level 1:colcon.colcon_core.environment:create_file_with_runtime_dependencies(/home/meloncaully/ros2_ws/install/satellite_controller/share/colcon-core/packages/satellite_controller)
[3.739s] DEBUG:colcon.colcon_parallel_executor.executor.parallel:closing loop
[3.740s] DEBUG:colcon.colcon_parallel_executor.executor.parallel:loop closed
[3.740s] DEBUG:colcon.colcon_parallel_executor.executor.parallel:run_until_complete finished with '0'
[3.740s] DEBUG:colcon.colcon_core.event_reactor:joining thread
[3.810s] INFO:colcon.colcon_core.plugin_system:Skipping extension 'colcon_notification.desktop_notification.notify_send': Could not find 'notify-send'
[3.810s] INFO:colcon.colcon_core.plugin_system:Skipping extension 'colcon_notification.desktop_notification.terminal_notifier': Not used on non-Darwin systems
[3.810s] INFO:colcon.colcon_core.plugin_system:Skipping extension 'colcon_notification.desktop_notification.win32': Not used on non-Windows systems
[3.810s] INFO:colcon.colcon_notification.desktop_notification:Sending desktop notification using 'notify2'
[3.812s] DEBUG:colcon.colcon_notification.desktop_notification.notify2:Failed to initialize notify2: org.freedesktop.DBus.Error.ServiceUnknown: The name org.freedesktop.Notifications was not provided by any .service files
[3.813s] DEBUG:colcon.colcon_core.event_reactor:joined thread
[3.813s] INFO:colcon.colcon_core.shell:Creating prefix script '/home/meloncaully/ros2_ws/install/local_setup.ps1'
[3.815s] INFO:colcon.colcon_core.shell:Creating prefix util module '/home/meloncaully/ros2_ws/install/_local_setup_util_ps1.py'
[3.818s] INFO:colcon.colcon_core.shell:Creating prefix chain script '/home/meloncaully/ros2_ws/install/setup.ps1'
[3.820s] INFO:colcon.colcon_core.shell:Creating prefix script '/home/meloncaully/ros2_ws/install/local_setup.sh'
[3.821s] INFO:colcon.colcon_core.shell:Creating prefix util module '/home/meloncaully/ros2_ws/install/_local_setup_util_sh.py'
[3.822s] INFO:colcon.colcon_core.shell:Creating prefix chain script '/home/meloncaully/ros2_ws/install/setup.sh'
[3.823s] INFO:colcon.colcon_core.shell:Creating prefix script '/home/meloncaully/ros2_ws/install/local_setup.bash'
[3.824s] INFO:colcon.colcon_core.shell:Creating prefix chain script '/home/meloncaully/ros2_ws/install/setup.bash'
[3.826s] INFO:colcon.colcon_core.shell:Creating prefix script '/home/meloncaully/ros2_ws/install/local_setup.zsh'
[3.827s] INFO:colcon.colcon_core.shell:Creating prefix chain script '/home/meloncaully/ros2_ws/install/setup.zsh'
