[1.394s] Invoking command in '/home/meloncaully/ros2_ws/src/satellite_controller': PYTHONPATH=/home/meloncaully/ros2_ws/build/satellite_controller/prefix_override:/usr/lib/python3/dist-packages/colcon_core/task/python/colcon_distutils_commands:/home/meloncaully/ros2_ws/install/satellite_controller/lib/python3.8/site-packages:${PYTHONPATH} /usr/bin/python3 -W ignore:setup.py install is deprecated setup.py egg_info --egg-base ../../build/satellite_controller build --build-base /home/meloncaully/ros2_ws/build/satellite_controller/build install --record /home/meloncaully/ros2_ws/build/satellite_controller/install.log --install-scripts $base/lib/satellite_controller --single-version-externally-managed install_data
[1.837s] running egg_info
[1.839s] writing ../../build/satellite_controller/satellite_controller.egg-info/PKG-INFO
[1.840s] writing dependency_links to ../../build/satellite_controller/satellite_controller.egg-info/dependency_links.txt
[1.841s] writing entry points to ../../build/satellite_controller/satellite_controller.egg-info/entry_points.txt
[1.841s] writing requirements to ../../build/satellite_controller/satellite_controller.egg-info/requires.txt
[1.842s] writing top-level names to ../../build/satellite_controller/satellite_controller.egg-info/top_level.txt
[1.918s] reading manifest file '../../build/satellite_controller/satellite_controller.egg-info/SOURCES.txt'
[1.920s] writing manifest file '../../build/satellite_controller/satellite_controller.egg-info/SOURCES.txt'
[1.920s] running build
[1.920s] running build_py
[1.920s] copying satellite_controller/firstNode.py -> /home/meloncaully/ros2_ws/build/satellite_controller/build/lib/satellite_controller
[1.921s] running install
[1.922s] running install_lib
[1.924s] copying /home/meloncaully/ros2_ws/build/satellite_controller/build/lib/satellite_controller/firstNode.py -> /home/meloncaully/ros2_ws/install/satellite_controller/lib/python3.8/site-packages/satellite_controller
[1.925s] byte-compiling /home/meloncaully/ros2_ws/install/satellite_controller/lib/python3.8/site-packages/satellite_controller/firstNode.py to firstNode.cpython-38.pyc
[1.928s] running install_data
[1.928s] running install_egg_info
[1.933s] removing '/home/meloncaully/ros2_ws/install/satellite_controller/lib/python3.8/site-packages/satellite_controller-0.0.0-py3.8.egg-info' (and everything under it)
[1.933s] Copying ../../build/satellite_controller/satellite_controller.egg-info to /home/meloncaully/ros2_ws/install/satellite_controller/lib/python3.8/site-packages/satellite_controller-0.0.0-py3.8.egg-info
[1.935s] running install_scripts
[1.972s] Installing test_node script to /home/meloncaully/ros2_ws/install/satellite_controller/lib/satellite_controller
[1.972s] writing list of installed files to '/home/meloncaully/ros2_ws/build/satellite_controller/install.log'
[2.035s] Invoked command in '/home/meloncaully/ros2_ws/src/satellite_controller' returned '0': PYTHONPATH=/home/meloncaully/ros2_ws/build/satellite_controller/prefix_override:/usr/lib/python3/dist-packages/colcon_core/task/python/colcon_distutils_commands:/home/meloncaully/ros2_ws/install/satellite_controller/lib/python3.8/site-packages:${PYTHONPATH} /usr/bin/python3 -W ignore:setup.py install is deprecated setup.py egg_info --egg-base ../../build/satellite_controller build --build-base /home/meloncaully/ros2_ws/build/satellite_controller/build install --record /home/meloncaully/ros2_ws/build/satellite_controller/install.log --install-scripts $base/lib/satellite_controller --single-version-externally-managed install_data
